<?xml version="1.0" encoding="UTF-8"?><testrun name="AssignmentTest (1)" project="Assignment 2" tests="8" started="8" failures="1" errors="2" ignored="0">
  <testsuite name="AssignmentTest" time="0.002">
    <testcase name="testSimplify1" classname="AssignmentTest" time="0.001"/>
    <testcase name="testIsArithmeticExpression_OneValue" classname="AssignmentTest" time="0.0"/>
    <testcase name="testIsArithmeticExpression_OneVariable" classname="AssignmentTest" time="0.0"/>
    <testcase name="testIsArithmeticExpression_OneOperator" classname="AssignmentTest" time="0.0">
      <error>java.lang.IllegalArgumentException: String was not a valid arithmetic expression in prefix notation
	at Assignment.prefix2tree(Assignment.java:150)
	at Assignment.prefix2tree(Assignment.java:158)
	at Assignment.prefix2tree(Assignment.java:132)
	at AssignmentTest.testIsArithmeticExpression_OneOperator(AssignmentTest.java:74)
	at sun.reflect.NativeMethodAccessorImpl.invoke0(Native Method)
	at sun.reflect.NativeMethodAccessorImpl.invoke(NativeMethodAccessorImpl.java:62)
	at sun.reflect.DelegatingMethodAccessorImpl.invoke(DelegatingMethodAccessorImpl.java:43)
	at java.lang.reflect.Method.invoke(Method.java:498)
	at org.junit.runners.model.FrameworkMethod$1.runReflectiveCall(FrameworkMethod.java:50)
	at org.junit.internal.runners.model.ReflectiveCallable.run(ReflectiveCallable.java:12)
	at org.junit.runners.model.FrameworkMethod.invokeExplosively(FrameworkMethod.java:47)
	at org.junit.internal.runners.statements.InvokeMethod.evaluate(InvokeMethod.java:17)
	at org.junit.internal.runners.statements.FailOnTimeout$CallableStatement.call(FailOnTimeout.java:298)
	at org.junit.internal.runners.statements.FailOnTimeout$CallableStatement.call(FailOnTimeout.java:292)
	at java.util.concurrent.FutureTask.run(FutureTask.java:266)
	at java.lang.Thread.run(Thread.java:748)

</error>
    </testcase>
    <testcase name="testPrefix2tree" classname="AssignmentTest" time="0.0"/>
    <testcase name="testIsArithmeticExpression_Null" classname="AssignmentTest" time="0.0"/>
    <testcase name="testIsArithmeticExpression_Complex" classname="AssignmentTest" time="0.0">
      <failure>java.lang.AssertionError
	at org.junit.Assert.fail(Assert.java:86)
	at org.junit.Assert.assertTrue(Assert.java:41)
	at org.junit.Assert.assertFalse(Assert.java:64)
	at org.junit.Assert.assertFalse(Assert.java:74)
	at AssignmentTest.testIsArithmeticExpression_Complex(AssignmentTest.java:117)
	at sun.reflect.NativeMethodAccessorImpl.invoke0(Native Method)
	at sun.reflect.NativeMethodAccessorImpl.invoke(NativeMethodAccessorImpl.java:62)
	at sun.reflect.DelegatingMethodAccessorImpl.invoke(DelegatingMethodAccessorImpl.java:43)
	at java.lang.reflect.Method.invoke(Method.java:498)
	at org.junit.runners.model.FrameworkMethod$1.runReflectiveCall(FrameworkMethod.java:50)
	at org.junit.internal.runners.model.ReflectiveCallable.run(ReflectiveCallable.java:12)
	at org.junit.runners.model.FrameworkMethod.invokeExplosively(FrameworkMethod.java:47)
	at org.junit.internal.runners.statements.InvokeMethod.evaluate(InvokeMethod.java:17)
	at org.junit.internal.runners.statements.FailOnTimeout$CallableStatement.call(FailOnTimeout.java:298)
	at org.junit.internal.runners.statements.FailOnTimeout$CallableStatement.call(FailOnTimeout.java:292)
	at java.util.concurrent.FutureTask.run(FutureTask.java:266)
	at java.lang.Thread.run(Thread.java:748)

</failure>
    </testcase>
    <testcase name="testIsArithmeticExpression_Simple_1" classname="AssignmentTest" time="0.0">
      <error>java.lang.IllegalArgumentException: String was not a valid arithmetic expression in prefix notation
	at Assignment.prefix2tree(Assignment.java:150)
	at Assignment.prefix2tree(Assignment.java:159)
	at Assignment.prefix2tree(Assignment.java:158)
	at Assignment.prefix2tree(Assignment.java:132)
	at AssignmentTest.testIsArithmeticExpression_Simple_1(AssignmentTest.java:92)
	at sun.reflect.NativeMethodAccessorImpl.invoke0(Native Method)
	at sun.reflect.NativeMethodAccessorImpl.invoke(NativeMethodAccessorImpl.java:62)
	at sun.reflect.DelegatingMethodAccessorImpl.invoke(DelegatingMethodAccessorImpl.java:43)
	at java.lang.reflect.Method.invoke(Method.java:498)
	at org.junit.runners.model.FrameworkMethod$1.runReflectiveCall(FrameworkMethod.java:50)
	at org.junit.internal.runners.model.ReflectiveCallable.run(ReflectiveCallable.java:12)
	at org.junit.runners.model.FrameworkMethod.invokeExplosively(FrameworkMethod.java:47)
	at org.junit.internal.runners.statements.InvokeMethod.evaluate(InvokeMethod.java:17)
	at org.junit.internal.runners.statements.FailOnTimeout$CallableStatement.call(FailOnTimeout.java:298)
	at org.junit.internal.runners.statements.FailOnTimeout$CallableStatement.call(FailOnTimeout.java:292)
	at java.util.concurrent.FutureTask.run(FutureTask.java:266)
	at java.lang.Thread.run(Thread.java:748)

</error>
    </testcase>
  </testsuite>
</testrun>
