<?xml version="1.0" encoding="UTF-8"?><testrun name="AssignmentTest (1)" project="Assignment 2" tests="36" started="36" failures="1" errors="0" ignored="0">
  <testsuite name="AssignmentTest" time="0.003">
    <testcase name="testSubstitute_Complex" classname="AssignmentTest" time="0.001"/>
    <testcase name="testSimplify1" classname="AssignmentTest" time="0.0"/>
    <testcase name="testTree2prefix_Simple" classname="AssignmentTest" time="0.001"/>
    <testcase name="testTree2infix_InvalidTree" classname="AssignmentTest" time="0.0"/>
    <testcase name="testSimplifyFancy_Null" classname="AssignmentTest" time="0.0"/>
    <testcase name="testTree2infix_Simple" classname="AssignmentTest" time="0.0"/>
    <testcase name="testSimplify_InvalidTree" classname="AssignmentTest" time="0.0"/>
    <testcase name="testIsArithmeticExpression_OneValue" classname="AssignmentTest" time="0.0"/>
    <testcase name="testIsArithmeticExpression_ComplexInvalid" classname="AssignmentTest" time="0.0"/>
    <testcase name="testIsArithmeticExpression_OneVariable" classname="AssignmentTest" time="0.0"/>
    <testcase name="testTree2prefix_Complex" classname="AssignmentTest" time="0.0"/>
    <testcase name="testTree2prefix_Null" classname="AssignmentTest" time="0.0"/>
    <testcase name="testIsArithmeticExpression_Simple" classname="AssignmentTest" time="0.0"/>
    <testcase name="testSimplify_Null" classname="AssignmentTest" time="0.0"/>
    <testcase name="testSubstituteMap_Complex" classname="AssignmentTest" time="0.0"/>
    <testcase name="testIsArithmeticExpression_OneOperator" classname="AssignmentTest" time="0.0"/>
    <testcase name="testIsArithmeticExpression_ComplexValid" classname="AssignmentTest" time="0.0"/>
    <testcase name="testSubstituteMap_InvalidMap" classname="AssignmentTest" time="0.0"/>
    <testcase name="testSimplifyFancy_SimpleVariable" classname="AssignmentTest" time="0.0"/>
    <testcase name="testSubstituteMap_Simple" classname="AssignmentTest" time="0.0"/>
    <testcase name="testSubstitute_InvalidTree" classname="AssignmentTest" time="0.0"/>
    <testcase name="testPrefix2tree" classname="AssignmentTest" time="0.0"/>
    <testcase name="testSimplifyFancy_Complex" classname="AssignmentTest" time="0.0"/>
    <testcase name="testTree2prefix_InvalidTree" classname="AssignmentTest" time="0.0"/>
    <testcase name="testSimplify_Simple" classname="AssignmentTest" time="0.0"/>
    <testcase name="testTree2infix_Null" classname="AssignmentTest" time="0.0"/>
    <testcase name="testIsArithmeticExpression_Null" classname="AssignmentTest" time="0.0"/>
    <testcase name="testSimplifyFancy_SimpleOperator" classname="AssignmentTest" time="0.0"/>
    <testcase name="testSubstitute_Null" classname="AssignmentTest" time="0.0"/>
    <testcase name="testSimplify_Complex" classname="AssignmentTest" time="0.0"/>
    <testcase name="testSubstitute_Simple" classname="AssignmentTest" time="0.0"/>
    <testcase name="testSimplifyFancy_InvalidTree" classname="AssignmentTest" time="0.0"/>
    <testcase name="testSubstitute_InvalidVariable" classname="AssignmentTest" time="0.001">
      <failure>java.lang.AssertionError: Expected test to throw an instance of java.lang.IllegalArgumentException
	at org.junit.Assert.fail(Assert.java:88)
	at org.junit.rules.ExpectedException.failDueToMissingException(ExpectedException.java:263)
	at org.junit.rules.ExpectedException.access$200(ExpectedException.java:106)
	at org.junit.rules.ExpectedException$ExpectedExceptionStatement.evaluate(ExpectedException.java:245)
	at org.junit.rules.RunRules.evaluate(RunRules.java:20)
	at org.junit.runners.ParentRunner.runLeaf(ParentRunner.java:325)
	at org.junit.runners.BlockJUnit4ClassRunner.runChild(BlockJUnit4ClassRunner.java:78)
	at org.junit.runners.BlockJUnit4ClassRunner.runChild(BlockJUnit4ClassRunner.java:57)
	at org.junit.runners.ParentRunner$3.run(ParentRunner.java:290)
	at org.junit.runners.ParentRunner$1.schedule(ParentRunner.java:71)
	at org.junit.runners.ParentRunner.runChildren(ParentRunner.java:288)
	at org.junit.runners.ParentRunner.access$000(ParentRunner.java:58)
	at org.junit.runners.ParentRunner$2.evaluate(ParentRunner.java:268)
	at org.junit.runners.ParentRunner.run(ParentRunner.java:363)
	at org.eclipse.jdt.internal.junit4.runner.JUnit4TestReference.run(JUnit4TestReference.java:86)
	at org.eclipse.jdt.internal.junit.runner.TestExecution.run(TestExecution.java:38)
	at org.eclipse.jdt.internal.junit.runner.RemoteTestRunner.runTests(RemoteTestRunner.java:459)
	at org.eclipse.jdt.internal.junit.runner.RemoteTestRunner.runTests(RemoteTestRunner.java:678)
	at org.eclipse.jdt.internal.junit.runner.RemoteTestRunner.run(RemoteTestRunner.java:382)
	at org.eclipse.jdt.internal.junit.runner.RemoteTestRunner.main(RemoteTestRunner.java:192)

</failure>
    </testcase>
    <testcase name="testSubstituteMap_Null" classname="AssignmentTest" time="0.0"/>
    <testcase name="testSubstituteMap_InvalidTree" classname="AssignmentTest" time="0.0"/>
    <testcase name="testTree2infix_Complex" classname="AssignmentTest" time="0.0"/>
  </testsuite>
</testrun>
