<?xml version="1.0" encoding="UTF-8"?><testrun name="AssignmentTest (1)" project="Assignment 2" tests="27" started="27" failures="3" errors="0" ignored="0">
  <testsuite name="AssignmentTest" time="0.008">
    <testcase name="testSubstitute_Complex" classname="AssignmentTest" time="0.0"/>
    <testcase name="testSimplify1" classname="AssignmentTest" time="0.0"/>
    <testcase name="testSubstituteMap_SubstitueNull" classname="AssignmentTest" time="0.0"/>
    <testcase name="testSimplifyFancy_Null" classname="AssignmentTest" time="0.0"/>
    <testcase name="testSimplify_InvalidTree" classname="AssignmentTest" time="0.0"/>
    <testcase name="testIsArithmeticExpression_OneValue" classname="AssignmentTest" time="0.0"/>
    <testcase name="testIsArithmeticExpression_ComplexInvalid" classname="AssignmentTest" time="0.0"/>
    <testcase name="testIsArithmeticExpression_OneVariable" classname="AssignmentTest" time="0.0"/>
    <testcase name="testIsArithmeticExpression_Simple" classname="AssignmentTest" time="0.0"/>
    <testcase name="testSimplify_Null" classname="AssignmentTest" time="0.001"/>
    <testcase name="testSubstituteMap_Complex" classname="AssignmentTest" time="0.0"/>
    <testcase name="testIsArithmeticExpression_OneOperator" classname="AssignmentTest" time="0.0"/>
    <testcase name="testIsArithmeticExpression_ComplexValid" classname="AssignmentTest" time="0.0"/>
    <testcase name="testSimplifyFancy_SimpleVariable" classname="AssignmentTest" time="0.0"/>
    <testcase name="testSubstituteMap_Simple" classname="AssignmentTest" time="0.0"/>
    <testcase name="testSubstitute_InvalidTree" classname="AssignmentTest" time="0.0"/>
    <testcase name="testPrefix2tree" classname="AssignmentTest" time="0.0"/>
    <testcase name="testSimplifyFancy_Complex" classname="AssignmentTest" time="0.002">
      <failure>java.lang.AssertionError
	at org.junit.Assert.fail(Assert.java:86)
	at org.junit.Assert.assertTrue(Assert.java:41)
	at org.junit.Assert.assertTrue(Assert.java:52)
	at AssignmentTest.testSimplifyFancy_Complex(AssignmentTest.java:250)
	at sun.reflect.NativeMethodAccessorImpl.invoke0(Native Method)
	at sun.reflect.NativeMethodAccessorImpl.invoke(NativeMethodAccessorImpl.java:62)
	at sun.reflect.DelegatingMethodAccessorImpl.invoke(DelegatingMethodAccessorImpl.java:43)
	at java.lang.reflect.Method.invoke(Method.java:498)
	at org.junit.runners.model.FrameworkMethod$1.runReflectiveCall(FrameworkMethod.java:50)
	at org.junit.internal.runners.model.ReflectiveCallable.run(ReflectiveCallable.java:12)
	at org.junit.runners.model.FrameworkMethod.invokeExplosively(FrameworkMethod.java:47)
	at org.junit.internal.runners.statements.InvokeMethod.evaluate(InvokeMethod.java:17)
	at org.junit.internal.runners.statements.FailOnTimeout$CallableStatement.call(FailOnTimeout.java:298)
	at org.junit.internal.runners.statements.FailOnTimeout$CallableStatement.call(FailOnTimeout.java:292)
	at java.util.concurrent.FutureTask.run(FutureTask.java:266)
	at java.lang.Thread.run(Thread.java:748)

</failure>
    </testcase>
    <testcase name="testSimplify_Simple" classname="AssignmentTest" time="0.0">
      <failure>java.lang.AssertionError
	at org.junit.Assert.fail(Assert.java:86)
	at org.junit.Assert.assertTrue(Assert.java:41)
	at org.junit.Assert.assertTrue(Assert.java:52)
	at AssignmentTest.testSimplify_Simple(AssignmentTest.java:121)
	at sun.reflect.NativeMethodAccessorImpl.invoke0(Native Method)
	at sun.reflect.NativeMethodAccessorImpl.invoke(NativeMethodAccessorImpl.java:62)
	at sun.reflect.DelegatingMethodAccessorImpl.invoke(DelegatingMethodAccessorImpl.java:43)
	at java.lang.reflect.Method.invoke(Method.java:498)
	at org.junit.runners.model.FrameworkMethod$1.runReflectiveCall(FrameworkMethod.java:50)
	at org.junit.internal.runners.model.ReflectiveCallable.run(ReflectiveCallable.java:12)
	at org.junit.runners.model.FrameworkMethod.invokeExplosively(FrameworkMethod.java:47)
	at org.junit.internal.runners.statements.InvokeMethod.evaluate(InvokeMethod.java:17)
	at org.junit.internal.runners.statements.FailOnTimeout$CallableStatement.call(FailOnTimeout.java:298)
	at org.junit.internal.runners.statements.FailOnTimeout$CallableStatement.call(FailOnTimeout.java:292)
	at java.util.concurrent.FutureTask.run(FutureTask.java:266)
	at java.lang.Thread.run(Thread.java:748)

</failure>
    </testcase>
    <testcase name="testIsArithmeticExpression_Null" classname="AssignmentTest" time="0.001"/>
    <testcase name="testSimplifyFancy_SimpleOperator" classname="AssignmentTest" time="0.0">
      <failure>java.lang.AssertionError
	at org.junit.Assert.fail(Assert.java:86)
	at org.junit.Assert.assertTrue(Assert.java:41)
	at org.junit.Assert.assertTrue(Assert.java:52)
	at AssignmentTest.testSimplifyFancy_SimpleOperator(AssignmentTest.java:207)
	at sun.reflect.NativeMethodAccessorImpl.invoke0(Native Method)
	at sun.reflect.NativeMethodAccessorImpl.invoke(NativeMethodAccessorImpl.java:62)
	at sun.reflect.DelegatingMethodAccessorImpl.invoke(DelegatingMethodAccessorImpl.java:43)
	at java.lang.reflect.Method.invoke(Method.java:498)
	at org.junit.runners.model.FrameworkMethod$1.runReflectiveCall(FrameworkMethod.java:50)
	at org.junit.internal.runners.model.ReflectiveCallable.run(ReflectiveCallable.java:12)
	at org.junit.runners.model.FrameworkMethod.invokeExplosively(FrameworkMethod.java:47)
	at org.junit.internal.runners.statements.InvokeMethod.evaluate(InvokeMethod.java:17)
	at org.junit.internal.runners.statements.FailOnTimeout$CallableStatement.call(FailOnTimeout.java:298)
	at org.junit.internal.runners.statements.FailOnTimeout$CallableStatement.call(FailOnTimeout.java:292)
	at java.util.concurrent.FutureTask.run(FutureTask.java:266)
	at java.lang.Thread.run(Thread.java:748)

</failure>
    </testcase>
    <testcase name="testSubstitute_Null" classname="AssignmentTest" time="0.001"/>
    <testcase name="testSimplify_Complex" classname="AssignmentTest" time="0.0"/>
    <testcase name="testSubstitute_Simple" classname="AssignmentTest" time="0.0"/>
    <testcase name="testSimplifyFancy_InvalidTree" classname="AssignmentTest" time="0.001"/>
    <testcase name="testSubstituteMap_Null" classname="AssignmentTest" time="0.0"/>
    <testcase name="testSubstituteMap_InvalidTree" classname="AssignmentTest" time="0.001"/>
  </testsuite>
</testrun>
