<?xml version="1.0" encoding="UTF-8"?><testrun name="AssignmentTest (1)" project="Assignment 2" tests="35" started="35" failures="4" errors="0" ignored="0">
  <testsuite name="AssignmentTest" time="0.02">
    <testcase name="testSubstitute_Complex" classname="AssignmentTest" time="0.0"/>
    <testcase name="testSimplify1" classname="AssignmentTest" time="0.0"/>
    <testcase name="testTree2prefix_Simple" classname="AssignmentTest" time="0.0">
      <failure>
        <expected>+ 1 val</expected>
        <actual>(1+val)</actual>org.junit.ComparisonFailure: expected:&lt;[+ 1 val]&gt; but was:&lt;[(1+val)]&gt;
	at org.junit.Assert.assertEquals(Assert.java:115)
	at org.junit.Assert.assertEquals(Assert.java:144)
	at AssignmentTest.testTree2prefix_Simple(AssignmentTest.java:112)
	at sun.reflect.NativeMethodAccessorImpl.invoke0(Native Method)
	at sun.reflect.NativeMethodAccessorImpl.invoke(NativeMethodAccessorImpl.java:62)
	at sun.reflect.DelegatingMethodAccessorImpl.invoke(DelegatingMethodAccessorImpl.java:43)
	at java.lang.reflect.Method.invoke(Method.java:498)
	at org.junit.runners.model.FrameworkMethod$1.runReflectiveCall(FrameworkMethod.java:50)
	at org.junit.internal.runners.model.ReflectiveCallable.run(ReflectiveCallable.java:12)
	at org.junit.runners.model.FrameworkMethod.invokeExplosively(FrameworkMethod.java:47)
	at org.junit.internal.runners.statements.InvokeMethod.evaluate(InvokeMethod.java:17)
	at org.junit.internal.runners.statements.FailOnTimeout$CallableStatement.call(FailOnTimeout.java:298)
	at org.junit.internal.runners.statements.FailOnTimeout$CallableStatement.call(FailOnTimeout.java:292)
	at java.util.concurrent.FutureTask.run(FutureTask.java:266)
	at java.lang.Thread.run(Thread.java:748)

</failure>
    </testcase>
    <testcase name="testTree2infix_InvalidTree" classname="AssignmentTest" time="0.002"/>
    <testcase name="testSubstituteMap_SubstitueNull" classname="AssignmentTest" time="0.0"/>
    <testcase name="testSimplifyFancy_Null" classname="AssignmentTest" time="0.001"/>
    <testcase name="testTree2infix_Simple" classname="AssignmentTest" time="0.0"/>
    <testcase name="testSimplify_InvalidTree" classname="AssignmentTest" time="0.001"/>
    <testcase name="testIsArithmeticExpression_OneValue" classname="AssignmentTest" time="0.0"/>
    <testcase name="testIsArithmeticExpression_ComplexInvalid" classname="AssignmentTest" time="0.0"/>
    <testcase name="testIsArithmeticExpression_OneVariable" classname="AssignmentTest" time="0.001"/>
    <testcase name="testTree2prefix_Complex" classname="AssignmentTest" time="0.0">
      <failure>
        <expected>* * 1 1 * * * 1 * 1 1 * 1 1 * 1 1</expected>
        <actual>((1*1)*(((1*(1*1))*(1*1))*(1*1)))</actual>org.junit.ComparisonFailure: expected:&lt;[* * 1 1 * * * 1 * 1 1 * 1 1 * 1 1]&gt; but was:&lt;[((1*1)*(((1*(1*1))*(1*1))*(1*1)))]&gt;
	at org.junit.Assert.assertEquals(Assert.java:115)
	at org.junit.Assert.assertEquals(Assert.java:144)
	at AssignmentTest.testTree2prefix_Complex(AssignmentTest.java:136)
	at sun.reflect.NativeMethodAccessorImpl.invoke0(Native Method)
	at sun.reflect.NativeMethodAccessorImpl.invoke(NativeMethodAccessorImpl.java:62)
	at sun.reflect.DelegatingMethodAccessorImpl.invoke(DelegatingMethodAccessorImpl.java:43)
	at java.lang.reflect.Method.invoke(Method.java:498)
	at org.junit.runners.model.FrameworkMethod$1.runReflectiveCall(FrameworkMethod.java:50)
	at org.junit.internal.runners.model.ReflectiveCallable.run(ReflectiveCallable.java:12)
	at org.junit.runners.model.FrameworkMethod.invokeExplosively(FrameworkMethod.java:47)
	at org.junit.internal.runners.statements.InvokeMethod.evaluate(InvokeMethod.java:17)
	at org.junit.internal.runners.statements.FailOnTimeout$CallableStatement.call(FailOnTimeout.java:298)
	at org.junit.internal.runners.statements.FailOnTimeout$CallableStatement.call(FailOnTimeout.java:292)
	at java.util.concurrent.FutureTask.run(FutureTask.java:266)
	at java.lang.Thread.run(Thread.java:748)

</failure>
    </testcase>
    <testcase name="testTree2prefix_Null" classname="AssignmentTest" time="0.001"/>
    <testcase name="testIsArithmeticExpression_Simple" classname="AssignmentTest" time="0.0"/>
    <testcase name="testSimplify_Null" classname="AssignmentTest" time="0.001"/>
    <testcase name="testSubstituteMap_Complex" classname="AssignmentTest" time="0.001"/>
    <testcase name="testIsArithmeticExpression_OneOperator" classname="AssignmentTest" time="0.0"/>
    <testcase name="testIsArithmeticExpression_ComplexValid" classname="AssignmentTest" time="0.001"/>
    <testcase name="testSimplifyFancy_SimpleVariable" classname="AssignmentTest" time="0.001"/>
    <testcase name="testSubstituteMap_Simple" classname="AssignmentTest" time="0.001"/>
    <testcase name="testSubstitute_InvalidTree" classname="AssignmentTest" time="0.0"/>
    <testcase name="testPrefix2tree" classname="AssignmentTest" time="0.001"/>
    <testcase name="testSimplifyFancy_Complex" classname="AssignmentTest" time="0.001">
      <failure>java.lang.AssertionError
	at org.junit.Assert.fail(Assert.java:86)
	at org.junit.Assert.assertTrue(Assert.java:41)
	at org.junit.Assert.assertTrue(Assert.java:52)
	at AssignmentTest.testSimplifyFancy_Complex(AssignmentTest.java:338)
	at sun.reflect.NativeMethodAccessorImpl.invoke0(Native Method)
	at sun.reflect.NativeMethodAccessorImpl.invoke(NativeMethodAccessorImpl.java:62)
	at sun.reflect.DelegatingMethodAccessorImpl.invoke(DelegatingMethodAccessorImpl.java:43)
	at java.lang.reflect.Method.invoke(Method.java:498)
	at org.junit.runners.model.FrameworkMethod$1.runReflectiveCall(FrameworkMethod.java:50)
	at org.junit.internal.runners.model.ReflectiveCallable.run(ReflectiveCallable.java:12)
	at org.junit.runners.model.FrameworkMethod.invokeExplosively(FrameworkMethod.java:47)
	at org.junit.internal.runners.statements.InvokeMethod.evaluate(InvokeMethod.java:17)
	at org.junit.internal.runners.statements.FailOnTimeout$CallableStatement.call(FailOnTimeout.java:298)
	at org.junit.internal.runners.statements.FailOnTimeout$CallableStatement.call(FailOnTimeout.java:292)
	at java.util.concurrent.FutureTask.run(FutureTask.java:266)
	at java.lang.Thread.run(Thread.java:748)

</failure>
    </testcase>
    <testcase name="testTree2prefix_InvalidTree" classname="AssignmentTest" time="0.001"/>
    <testcase name="testSimplify_Simple" classname="AssignmentTest" time="0.0"/>
    <testcase name="testTree2infix_Null" classname="AssignmentTest" time="0.001"/>
    <testcase name="testIsArithmeticExpression_Null" classname="AssignmentTest" time="0.0"/>
    <testcase name="testSimplifyFancy_SimpleOperator" classname="AssignmentTest" time="0.001">
      <failure>java.lang.AssertionError
	at org.junit.Assert.fail(Assert.java:86)
	at org.junit.Assert.assertTrue(Assert.java:41)
	at org.junit.Assert.assertTrue(Assert.java:52)
	at AssignmentTest.testSimplifyFancy_SimpleOperator(AssignmentTest.java:295)
	at sun.reflect.NativeMethodAccessorImpl.invoke0(Native Method)
	at sun.reflect.NativeMethodAccessorImpl.invoke(NativeMethodAccessorImpl.java:62)
	at sun.reflect.DelegatingMethodAccessorImpl.invoke(DelegatingMethodAccessorImpl.java:43)
	at java.lang.reflect.Method.invoke(Method.java:498)
	at org.junit.runners.model.FrameworkMethod$1.runReflectiveCall(FrameworkMethod.java:50)
	at org.junit.internal.runners.model.ReflectiveCallable.run(ReflectiveCallable.java:12)
	at org.junit.runners.model.FrameworkMethod.invokeExplosively(FrameworkMethod.java:47)
	at org.junit.internal.runners.statements.InvokeMethod.evaluate(InvokeMethod.java:17)
	at org.junit.internal.runners.statements.FailOnTimeout$CallableStatement.call(FailOnTimeout.java:298)
	at org.junit.internal.runners.statements.FailOnTimeout$CallableStatement.call(FailOnTimeout.java:292)
	at java.util.concurrent.FutureTask.run(FutureTask.java:266)
	at java.lang.Thread.run(Thread.java:748)

</failure>
    </testcase>
    <testcase name="testSubstitute_Null" classname="AssignmentTest" time="0.0"/>
    <testcase name="testSimplify_Complex" classname="AssignmentTest" time="0.0"/>
    <testcase name="testSubstitute_Simple" classname="AssignmentTest" time="0.001"/>
    <testcase name="testSimplifyFancy_InvalidTree" classname="AssignmentTest" time="0.0"/>
    <testcase name="testSubstituteMap_Null" classname="AssignmentTest" time="0.001"/>
    <testcase name="testSubstituteMap_InvalidTree" classname="AssignmentTest" time="0.0"/>
    <testcase name="testTree2infix_Complex" classname="AssignmentTest" time="0.001"/>
  </testsuite>
</testrun>
